<?xml version="1.0" encoding="UTF-8"?>
<testsuite name="com.example.powerconsumtion.controller.ExportControllerTest" tests="3" skipped="0" failures="0" errors="0" timestamp="2025-06-22T12:51:10.515Z" hostname="MacBook-Pro-von-Merlin.local" time="0.027">
  <properties/>
  <testcase name="importCsv_Success()" classname="com.example.powerconsumtion.controller.ExportControllerTest" time="0.015"/>
  <testcase name="exportCsv_Unauthorized()" classname="com.example.powerconsumtion.controller.ExportControllerTest" time="0.003"/>
  <testcase name="exportCsv_Authorized()" classname="com.example.powerconsumtion.controller.ExportControllerTest" time="0.006"/>
  <system-out><![CDATA[?[2m2025-06-22 14:51:10.319?[0;39m ?[32m INFO?[0;39m ?[35m5469?[0;39m ?[2m---?[0;39m ?[2m[    Test worker]?[0;39m ?[36m.b.t.a.w.s.WebMvcTestContextBootstrapper?[0;39m ?[2m:?[0;39m Neither @ContextConfiguration nor @ContextHierarchy found for test class [com.example.powerconsumtion.controller.ExportControllerTest], using SpringBootContextLoader
?[2m2025-06-22 14:51:10.320?[0;39m ?[32m INFO?[0;39m ?[35m5469?[0;39m ?[2m---?[0;39m ?[2m[    Test worker]?[0;39m ?[36mo.s.t.c.support.AbstractContextLoader   ?[0;39m ?[2m:?[0;39m Could not detect default resource locations for test class [com.example.powerconsumtion.controller.ExportControllerTest]: no resource found for suffixes {-context.xml, Context.groovy}.
?[2m2025-06-22 14:51:10.320?[0;39m ?[32m INFO?[0;39m ?[35m5469?[0;39m ?[2m---?[0;39m ?[2m[    Test worker]?[0;39m ?[36mt.c.s.AnnotationConfigContextLoaderUtils?[0;39m ?[2m:?[0;39m Could not detect default configuration classes for test class [com.example.powerconsumtion.controller.ExportControllerTest]: ExportControllerTest does not declare any static, non-private, non-final, nested classes annotated with @Configuration.
?[2m2025-06-22 14:51:10.324?[0;39m ?[32m INFO?[0;39m ?[35m5469?[0;39m ?[2m---?[0;39m ?[2m[    Test worker]?[0;39m ?[36m.b.t.c.SpringBootTestContextBootstrapper?[0;39m ?[2m:?[0;39m Found @SpringBootConfiguration com.example.powerconsumtion.PowerConsumtionApplication for test class com.example.powerconsumtion.controller.ExportControllerTest
?[2m2025-06-22 14:51:10.324?[0;39m ?[32m INFO?[0;39m ?[35m5469?[0;39m ?[2m---?[0;39m ?[2m[    Test worker]?[0;39m ?[36m.b.t.a.w.s.WebMvcTestContextBootstrapper?[0;39m ?[2m:?[0;39m Loaded default TestExecutionListener class names from location [META-INF/spring.factories]: [org.springframework.security.test.context.support.WithSecurityContextTestExecutionListener, org.springframework.security.test.context.support.ReactorContextTestExecutionListener, org.springframework.boot.test.autoconfigure.restdocs.RestDocsTestExecutionListener, org.springframework.boot.test.autoconfigure.web.client.MockRestServiceServerResetTestExecutionListener, org.springframework.boot.test.autoconfigure.web.servlet.MockMvcPrintOnlyOnFailureTestExecutionListener, org.springframework.boot.test.autoconfigure.web.servlet.WebDriverTestExecutionListener, org.springframework.boot.test.autoconfigure.webservices.client.MockWebServiceServerTestExecutionListener, org.springframework.boot.test.mock.mockito.MockitoTestExecutionListener, org.springframework.boot.test.mock.mockito.ResetMocksTestExecutionListener, org.springframework.test.context.web.ServletTestExecutionListener, org.springframework.test.context.support.DirtiesContextBeforeModesTestExecutionListener, org.springframework.test.context.event.ApplicationEventsTestExecutionListener, org.springframework.test.context.support.DependencyInjectionTestExecutionListener, org.springframework.test.context.support.DirtiesContextTestExecutionListener, org.springframework.test.context.transaction.TransactionalTestExecutionListener, org.springframework.test.context.jdbc.SqlScriptsTestExecutionListener, org.springframework.test.context.event.EventPublishingTestExecutionListener]
?[2m2025-06-22 14:51:10.325?[0;39m ?[32m INFO?[0;39m ?[35m5469?[0;39m ?[2m---?[0;39m ?[2m[    Test worker]?[0;39m ?[36m.b.t.a.w.s.WebMvcTestContextBootstrapper?[0;39m ?[2m:?[0;39m Using TestExecutionListeners: [org.springframework.test.context.web.ServletTestExecutionListener@4fe687b5, org.springframework.test.context.support.DirtiesContextBeforeModesTestExecutionListener@7a02d760, org.springframework.test.context.event.ApplicationEventsTestExecutionListener@5a86112a, org.springframework.boot.test.mock.mockito.MockitoTestExecutionListener@3203ffa3, org.springframework.boot.test.autoconfigure.SpringBootDependencyInjectionTestExecutionListener@49231d79, org.springframework.test.context.support.DirtiesContextTestExecutionListener@25f67aea, org.springframework.test.context.transaction.TransactionalTestExecutionListener@4f93303f, org.springframework.test.context.jdbc.SqlScriptsTestExecutionListener@62c02089, org.springframework.security.test.context.support.WithSecurityContextTestExecutionListener@3359217d, org.springframework.test.context.event.EventPublishingTestExecutionListener@25ee3cd6, org.springframework.security.test.context.support.ReactorContextTestExecutionListener@732ae29c, org.springframework.boot.test.autoconfigure.restdocs.RestDocsTestExecutionListener@100d5018, org.springframework.boot.test.autoconfigure.web.client.MockRestServiceServerResetTestExecutionListener@6a25c9ad, org.springframework.boot.test.autoconfigure.web.servlet.MockMvcPrintOnlyOnFailureTestExecutionListener@3e7940b3, org.springframework.boot.test.autoconfigure.web.servlet.WebDriverTestExecutionListener@1ae37be2, org.springframework.boot.test.autoconfigure.webservices.client.MockWebServiceServerTestExecutionListener@60147536, org.springframework.boot.test.mock.mockito.ResetMocksTestExecutionListener@2438a038]

  .   ____          _            __ _ _
 /\\ / ___'_ __ _ _(_)_ __  __ _ \ \ \ \
( ( )\___ | '_ | '_| | '_ \/ _` | \ \ \ \
 \\/  ___)| |_)| | | | | || (_| |  ) ) ) )
  '  |____| .__|_| |_|_| |_\__, | / / / /
 =========|_|==============|___/=/_/_/_/
?[32m :: Spring Boot :: ?[39m             ?[2m (v2.7.18)?[0;39m

?[2m2025-06-22 14:51:10.335?[0;39m ?[32m INFO?[0;39m ?[35m5469?[0;39m ?[2m---?[0;39m ?[2m[    Test worker]?[0;39m ?[36mc.e.p.controller.ExportControllerTest   ?[0;39m ?[2m:?[0;39m Starting ExportControllerTest using Java 23.0.1 on MacBook-Pro-von-Merlin.local with PID 5469 (started by merlin in /Users/merlin/IdeaProjects/private/AIAugmented/copilot/PowerConsumtion/PowerConsumtion)
?[2m2025-06-22 14:51:10.335?[0;39m ?[32m INFO?[0;39m ?[35m5469?[0;39m ?[2m---?[0;39m ?[2m[    Test worker]?[0;39m ?[36mc.e.p.controller.ExportControllerTest   ?[0;39m ?[2m:?[0;39m No active profile set, falling back to 1 default profile: "default"
?[2m2025-06-22 14:51:10.478?[0;39m ?[33m WARN?[0;39m ?[35m5469?[0;39m ?[2m---?[0;39m ?[2m[    Test worker]?[0;39m ?[36m.s.s.UserDetailsServiceAutoConfiguration?[0;39m ?[2m:?[0;39m 

Using generated security password: 55dc5ac0-6572-4972-b4fa-13df7cbf4b6d

This generated password is for development use only. Your security configuration must be updated before running your application in production.

?[2m2025-06-22 14:51:10.497?[0;39m ?[32m INFO?[0;39m ?[35m5469?[0;39m ?[2m---?[0;39m ?[2m[    Test worker]?[0;39m ?[36mo.s.s.web.DefaultSecurityFilterChain    ?[0;39m ?[2m:?[0;39m Will secure any request with [org.springframework.security.web.session.DisableEncodeUrlFilter@7b5e1b16, org.springframework.security.web.context.request.async.WebAsyncManagerIntegrationFilter@4d65fbad, org.springframework.security.web.context.SecurityContextPersistenceFilter@155cf9f6, org.springframework.security.web.header.HeaderWriterFilter@5e8f0c54, org.springframework.security.web.csrf.CsrfFilter@308498a8, org.springframework.security.web.authentication.logout.LogoutFilter@4c140b12, org.springframework.security.web.authentication.UsernamePasswordAuthenticationFilter@51a8aed8, org.springframework.security.web.authentication.ui.DefaultLoginPageGeneratingFilter@718b9d56, org.springframework.security.web.authentication.ui.DefaultLogoutPageGeneratingFilter@55fc6344, org.springframework.security.web.authentication.www.BasicAuthenticationFilter@543b855, org.springframework.security.web.savedrequest.RequestCacheAwareFilter@b7b26c6, org.springframework.security.web.servletapi.SecurityContextHolderAwareRequestFilter@2db07651, org.springframework.security.web.authentication.AnonymousAuthenticationFilter@2df0a4c3, org.springframework.security.web.session.SessionManagementFilter@2aaed928, org.springframework.security.web.access.ExceptionTranslationFilter@4a5a8c6f, org.springframework.security.web.access.intercept.FilterSecurityInterceptor@7ca0aa55]
?[2m2025-06-22 14:51:10.504?[0;39m ?[32m INFO?[0;39m ?[35m5469?[0;39m ?[2m---?[0;39m ?[2m[    Test worker]?[0;39m ?[36mo.s.b.t.m.w.SpringBootMockServletContext?[0;39m ?[2m:?[0;39m Initializing Spring TestDispatcherServlet ''
?[2m2025-06-22 14:51:10.504?[0;39m ?[32m INFO?[0;39m ?[35m5469?[0;39m ?[2m---?[0;39m ?[2m[    Test worker]?[0;39m ?[36mo.s.t.web.servlet.TestDispatcherServlet ?[0;39m ?[2m:?[0;39m Initializing Servlet ''
?[2m2025-06-22 14:51:10.505?[0;39m ?[32m INFO?[0;39m ?[35m5469?[0;39m ?[2m---?[0;39m ?[2m[    Test worker]?[0;39m ?[36mo.s.t.web.servlet.TestDispatcherServlet ?[0;39m ?[2m:?[0;39m Completed initialization in 1 ms
?[2m2025-06-22 14:51:10.511?[0;39m ?[32m INFO?[0;39m ?[35m5469?[0;39m ?[2m---?[0;39m ?[2m[    Test worker]?[0;39m ?[36mc.e.p.controller.ExportControllerTest   ?[0;39m ?[2m:?[0;39m Started ExportControllerTest in 0.185 seconds (JVM running for 1.742)
]]></system-out>
  <system-err><![CDATA[]]></system-err>
</testsuite>
